[818:13887743:0526/140738.742700:INFO:components/enterprise/browser/controller/chrome_browser_cloud_management_controller.cc:202] No machine level policy manager exists.
[818:13887743:0526/140749.099419:WARNING:components/download/internal/background_service/controller_impl.cc:1187] Background download complete, client: 6, completion type: 0, file size:5156
[818:13887743:0526/140749.215390:WARNING:components/download/internal/background_service/controller_impl.cc:1187] Background download complete, client: 6, completion type: 0, file size:265059
[818:13887743:0526/140749.521448:WARNING:components/download/internal/background_service/controller_impl.cc:1187] Background download complete, client: 6, completion type: 0, file size:883094
[818:13887743:0526/140749.600963:WARNING:components/download/internal/background_service/controller_impl.cc:1187] Background download complete, client: 6, completion type: 0, file size:45157
[818:13887743:0526/140749.707428:WARNING:content/browser/download/download_manager_impl.cc:701] A download with the same GUID already exists, the new request is ignored.
[818:13887743:0526/140749.709139:INFO:CONSOLE:0] "Refused to load the image 'https://duo.com/' because it violates the following Content Security Policy directive: "img-src 'self'".
", source: https://api-4104af0d.duosecurity.com/frame/frameless/v4/auth?sid=frameless-0537f51c-e454-4ada-b78c-e0cebaa28a16&tx=eyJhbGciOiJIUzUxMiIsInR5cCI6IkpXVCJ9.eyJkdW9fdW5hbWUiOiJsaHIzMSIsInNjb3BlIjoib3BlbmlkIiwicmVzcG9uc2VfdHlwZSI6ImNvZGUiLCJyZWRpcmVjdF91cmkiOiJodHRwczovL2Nhcy5ydXRnZXJzLmVkdS9sb2dpbiIsInN0YXRlIjoiVFNULTVjZGUyNGU5YWI2N2UxYTg1Y2M5ZmI3Y2NhYTU0YjUxYzQxNiIsImV4cCI6MTc0ODI4NjQ2OCwidXNlX2R1b19jb2RlX2F0dHJpYnV0ZSI6dHJ1ZSwiY2xpZW50X2lkIjoiRElHRk4yWU1VRjFJSkxaUzdFMU8ifQ.Eyp0W5dAE1hx2-kaQUzl9jsYA9fp9f78YT1tb39CY5HiN4VvFGFpljevsxhgyagvoVn4I9hzdlAPu4K2-AU0Ig&req-trace-group=401868a8436b0fc0af1d860b (0)
[818:13887743:0526/140749.938974:WARNING:components/download/internal/background_service/controller_impl.cc:1187] Background download complete, client: 6, completion type: 0, file size:2200227
[818:13887743:0526/140750.426887:WARNING:components/download/internal/background_service/controller_impl.cc:1187] Background download complete, client: 6, completion type: 0, file size:2992963
[818:13887743:0526/140750.490478:WARNING:components/download/internal/background_service/controller_impl.cc:1187] Background download complete, client: 6, completion type: 0, file size:4680
[818:13887743:0526/140750.508356:WARNING:components/download/internal/background_service/controller_impl.cc:1187] Background download complete, client: 6, completion type: 0, file size:2747169
[818:13887743:0526/140750.573773:WARNING:components/download/internal/background_service/controller_impl.cc:1187] Background download complete, client: 6, completion type: 0, file size:118577
[818:13887743:0526/140750.799943:INFO:CONSOLE:0] "Refused to load the image 'https://duo.com/' because it violates the following Content Security Policy directive: "img-src 'self' ux-asset-commercial.duosecurity.com".
", source: https://api-4104af0d.duosecurity.com/frame/v4/preauth/healthcheck?sid=frameless-0537f51c-e454-4ada-b78c-e0cebaa28a16 (0)
[818:13887743:0526/140751.005614:INFO:CONSOLE:0] "Uncaught (in promise) undefined", source: https://api-4104af0d.duosecurity.com/frame/v4/preauth/healthcheck?sid=frameless-0537f51c-e454-4ada-b78c-e0cebaa28a16 (0)
[818:13887743:0526/140751.642355:INFO:CONSOLE:0] "Refused to load the image 'https://duo.com/' because it violates the following Content Security Policy directive: "img-src 'self'".
", source: https://api-4104af0d.duosecurity.com/frame/frameless/v4/auth?sid=frameless-0537f51c-e454-4ada-b78c-e0cebaa28a16&tx=eyJhbGciOiJIUzUxMiIsInR5cCI6IkpXVCJ9.eyJkdW9fdW5hbWUiOiJsaHIzMSIsInNjb3BlIjoib3BlbmlkIiwicmVzcG9uc2VfdHlwZSI6ImNvZGUiLCJyZWRpcmVjdF91cmkiOiJodHRwczovL2Nhcy5ydXRnZXJzLmVkdS9sb2dpbiIsInN0YXRlIjoiVFNULTVjZGUyNGU5YWI2N2UxYTg1Y2M5ZmI3Y2NhYTU0YjUxYzQxNiIsImV4cCI6MTc0ODI4NjQ2OCwidXNlX2R1b19jb2RlX2F0dHJpYnV0ZSI6dHJ1ZSwiY2xpZW50X2lkIjoiRElHRk4yWU1VRjFJSkxaUzdFMU8ifQ.Eyp0W5dAE1hx2-kaQUzl9jsYA9fp9f78YT1tb39CY5HiN4VvFGFpljevsxhgyagvoVn4I9hzdlAPu4K2-AU0Ig (0)
[818:13887743:0526/140757.352090:INFO:CONSOLE:0] "Refused to load the image 'https://duo.com/' because it violates the following Content Security Policy directive: "img-src 'self' ux-asset-commercial.duosecurity.com".
", source: https://api-4104af0d.duosecurity.com/frame/v4/auth/prompt?sid=frameless-0537f51c-e454-4ada-b78c-e0cebaa28a16 (0)
